<?xml version="1.0" encoding="UTF-8"?>
<!-- Generated by org.testng.reporters.JUnitXMLReporter -->
<testsuite hostname="DESKTOP-12HBTFV" ignored="0" name="Test" tests="17" failures="2" timestamp="24 Mar 2017 19:07:33 GMT" time="10.653" errors="0">
  <testcase name="@AfterMethod getResult" time="0.015" classname="com.myPractice.demo.regression.loginTests.LoginTests">
    <failure type="org.openqa.selenium.NoSuchWindowException" message="no such window: target window already closed
from unknown error: web view not found
  (Session info: chrome=56.0.2924.87)
  (Driver info: chromedriver=2.27.440174 (e97a722caafc2d3a8b807ee115bfb307f7d2cfd9),platform=Windows NT 10.0.14393 x86_64) (WARNING: The server did not provide any stacktrace information)
Command duration or timeout: 15 milliseconds
Build info: version: &amp;apos;2.53.0&amp;apos;, revision: &amp;apos;35ae25b1534ae328c771e0856c93e187490ca824&amp;apos;, time: &amp;apos;2016-03-15 10:43:46&amp;apos;
System info: host: &amp;apos;DESKTOP-12HBTFV&amp;apos;, ip: &amp;apos;192.168.1.192&amp;apos;, os.name: &amp;apos;Windows 10&amp;apos;, os.arch: &amp;apos;amd64&amp;apos;, os.version: &amp;apos;10.0&amp;apos;, java.version: &amp;apos;1.8.0_121&amp;apos;
Driver info: org.openqa.selenium.chrome.ChromeDriver
Capabilities [{applicationCacheEnabled=false, rotatable=false, mobileEmulationEnabled=false, networkConnectionEnabled=false, chrome={chromedriverVersion=2.27.440174 (e97a722caafc2d3a8b807ee115bfb307f7d2cfd9), userDataDir=C:\Users\HIMANS~1\AppData\Local\Temp\scoped_dir9196_18884}, takesHeapSnapshot=true, pageLoadStrategy=normal, databaseEnabled=false, handlesAlerts=true, hasTouchScreen=false, version=56.0.2924.87, platform=XP, browserConnectionEnabled=false, nativeEvents=true, acceptSslCerts=true, locationContextEnabled=true, webStorageEnabled=true, browserName=chrome, takesScreenshot=true, javascriptEnabled=true, cssSelectorsEnabled=true, unexpectedAlertBehaviour=}]
Session ID: 1d8ffac2b66fdc43d15b459e9cb67c20">
      <![CDATA[org.openqa.selenium.NoSuchWindowException: no such window: target window already closed
from unknown error: web view not found
  (Session info: chrome=56.0.2924.87)
  (Driver info: chromedriver=2.27.440174 (e97a722caafc2d3a8b807ee115bfb307f7d2cfd9),platform=Windows NT 10.0.14393 x86_64) (WARNING: The server did not provide any stacktrace information)
Command duration or timeout: 15 milliseconds
Build info: version: '2.53.0', revision: '35ae25b1534ae328c771e0856c93e187490ca824', time: '2016-03-15 10:43:46'
System info: host: 'DESKTOP-12HBTFV', ip: '192.168.1.192', os.name: 'Windows 10', os.arch: 'amd64', os.version: '10.0', java.version: '1.8.0_121'
Driver info: org.openqa.selenium.chrome.ChromeDriver
Capabilities [{applicationCacheEnabled=false, rotatable=false, mobileEmulationEnabled=false, networkConnectionEnabled=false, chrome={chromedriverVersion=2.27.440174 (e97a722caafc2d3a8b807ee115bfb307f7d2cfd9), userDataDir=C:\Users\HIMANS~1\AppData\Local\Temp\scoped_dir9196_18884}, takesHeapSnapshot=true, pageLoadStrategy=normal, databaseEnabled=false, handlesAlerts=true, hasTouchScreen=false, version=56.0.2924.87, platform=XP, browserConnectionEnabled=false, nativeEvents=true, acceptSslCerts=true, locationContextEnabled=true, webStorageEnabled=true, browserName=chrome, takesScreenshot=true, javascriptEnabled=true, cssSelectorsEnabled=true, unexpectedAlertBehaviour=}]
Session ID: 1d8ffac2b66fdc43d15b459e9cb67c20
	at org.openqa.selenium.remote.ErrorHandler.createThrowable(ErrorHandler.java:206)
	at org.openqa.selenium.remote.ErrorHandler.throwIfResponseFailed(ErrorHandler.java:158)
	at org.openqa.selenium.remote.RemoteWebDriver.execute(RemoteWebDriver.java:678)
	at org.openqa.selenium.remote.RemoteWebDriver.execute(RemoteWebDriver.java:701)
	at org.openqa.selenium.remote.RemoteWebDriver.getScreenshotAs(RemoteWebDriver.java:335)
	at com.myPractice.demo.utilClasses.Screenshot.capture(Screenshot.java:17)
	at com.myPractice.demo.regression.loginTests.LoginTests.getResult(LoginTests.java:135)
... Removed 31 stack frames]]>
    </failure>
  </testcase> <!-- @AfterMethod getResult -->
  <testcase name="@BeforeMethod setUp" time="0.0" classname="com.myPractice.demo.regression.loginTests.LoginTests">
    <skipped/>
  </testcase> <!-- @BeforeMethod setUp -->
  <testcase name="@BeforeMethod setUp" time="0.0" classname="com.myPractice.demo.regression.loginTests.LoginTests">
    <skipped/>
  </testcase> <!-- @BeforeMethod setUp -->
  <testcase name="@BeforeMethod setUp" time="0.0" classname="com.myPractice.demo.regression.loginTests.LoginTests">
    <skipped/>
  </testcase> <!-- @BeforeMethod setUp -->
  <testcase name="@BeforeMethod setUp" time="0.0" classname="com.myPractice.demo.regression.loginTests.LoginTests">
    <skipped/>
  </testcase> <!-- @BeforeMethod setUp -->
  <testcase name="@BeforeMethod setUp" time="0.0" classname="com.myPractice.demo.regression.loginTests.LoginTests">
    <skipped/>
  </testcase> <!-- @BeforeMethod setUp -->
  <testcase name="@BeforeMethod setUp" time="0.0" classname="com.myPractice.demo.regression.loginTests.LoginTests">
    <skipped/>
  </testcase> <!-- @BeforeMethod setUp -->
  <testcase name="@BeforeMethod setUp" time="0.0" classname="com.myPractice.demo.regression.loginTests.LoginTests">
    <skipped/>
  </testcase> <!-- @BeforeMethod setUp -->
  <testcase name="@BeforeMethod setUp" time="0.0" classname="com.myPractice.demo.regression.loginTests.LoginTests">
    <skipped/>
  </testcase> <!-- @BeforeMethod setUp -->
  <testcase name="@BeforeMethod setUp" time="0.0" classname="com.myPractice.demo.regression.loginTests.LoginTests">
    <skipped/>
  </testcase> <!-- @BeforeMethod setUp -->
  <testcase name="@BeforeMethod setUp" time="0.0" classname="com.myPractice.demo.regression.loginTests.LoginTests">
    <skipped/>
  </testcase> <!-- @BeforeMethod setUp -->
  <testcase name="@BeforeMethod setUp" time="0.0" classname="com.myPractice.demo.regression.loginTests.LoginTests">
    <skipped/>
  </testcase> <!-- @BeforeMethod setUp -->
  <testcase name="@BeforeMethod setUp" time="0.0" classname="com.myPractice.demo.regression.loginTests.LoginTests">
    <skipped/>
  </testcase> <!-- @BeforeMethod setUp -->
  <testcase name="@BeforeMethod setUp" time="0.0" classname="com.myPractice.demo.regression.loginTests.LoginTests">
    <skipped/>
  </testcase> <!-- @BeforeMethod setUp -->
  <testcase name="@BeforeMethod setUp" time="0.0" classname="com.myPractice.demo.regression.loginTests.LoginTests">
    <skipped/>
  </testcase> <!-- @BeforeMethod setUp -->
  <testcase name="@AfterTest endReport" time="0.0" classname="com.myPractice.demo.regression.loginTests.LoginTests">
    <skipped/>
  </testcase> <!-- @AfterTest endReport -->
  <testcase name="testAccessAboutPg" time="0.96" classname="com.myPractice.demo.regression.loginTests.LoginTests"/>
  <testcase name="testAccessCreateAccountPg" time="0.035" classname="com.myPractice.demo.regression.loginTests.LoginTests">
    <failure type="org.openqa.selenium.NoSuchWindowException" message="no such window: target window already closed
from unknown error: web view not found
  (Session info: chrome=56.0.2924.87)
  (Driver info: chromedriver=2.27.440174 (e97a722caafc2d3a8b807ee115bfb307f7d2cfd9),platform=Windows NT 10.0.14393 x86_64) (WARNING: The server did not provide any stacktrace information)
Command duration or timeout: 16 milliseconds
Build info: version: &amp;apos;2.53.0&amp;apos;, revision: &amp;apos;35ae25b1534ae328c771e0856c93e187490ca824&amp;apos;, time: &amp;apos;2016-03-15 10:43:46&amp;apos;
System info: host: &amp;apos;DESKTOP-12HBTFV&amp;apos;, ip: &amp;apos;192.168.1.192&amp;apos;, os.name: &amp;apos;Windows 10&amp;apos;, os.arch: &amp;apos;amd64&amp;apos;, os.version: &amp;apos;10.0&amp;apos;, java.version: &amp;apos;1.8.0_121&amp;apos;
Driver info: org.openqa.selenium.chrome.ChromeDriver
Capabilities [{applicationCacheEnabled=false, rotatable=false, mobileEmulationEnabled=false, networkConnectionEnabled=false, chrome={chromedriverVersion=2.27.440174 (e97a722caafc2d3a8b807ee115bfb307f7d2cfd9), userDataDir=C:\Users\HIMANS~1\AppData\Local\Temp\scoped_dir9196_18884}, takesHeapSnapshot=true, pageLoadStrategy=normal, databaseEnabled=false, handlesAlerts=true, hasTouchScreen=false, version=56.0.2924.87, platform=XP, browserConnectionEnabled=false, nativeEvents=true, acceptSslCerts=true, locationContextEnabled=true, webStorageEnabled=true, browserName=chrome, takesScreenshot=true, javascriptEnabled=true, cssSelectorsEnabled=true, unexpectedAlertBehaviour=}]
Session ID: 1d8ffac2b66fdc43d15b459e9cb67c20
*** Element info: {Using=xpath, value=//input[@id=&amp;apos;Next&amp;apos;]}">
      <![CDATA[org.openqa.selenium.NoSuchWindowException: no such window: target window already closed
from unknown error: web view not found
  (Session info: chrome=56.0.2924.87)
  (Driver info: chromedriver=2.27.440174 (e97a722caafc2d3a8b807ee115bfb307f7d2cfd9),platform=Windows NT 10.0.14393 x86_64) (WARNING: The server did not provide any stacktrace information)
Command duration or timeout: 16 milliseconds
Build info: version: '2.53.0', revision: '35ae25b1534ae328c771e0856c93e187490ca824', time: '2016-03-15 10:43:46'
System info: host: 'DESKTOP-12HBTFV', ip: '192.168.1.192', os.name: 'Windows 10', os.arch: 'amd64', os.version: '10.0', java.version: '1.8.0_121'
Driver info: org.openqa.selenium.chrome.ChromeDriver
Capabilities [{applicationCacheEnabled=false, rotatable=false, mobileEmulationEnabled=false, networkConnectionEnabled=false, chrome={chromedriverVersion=2.27.440174 (e97a722caafc2d3a8b807ee115bfb307f7d2cfd9), userDataDir=C:\Users\HIMANS~1\AppData\Local\Temp\scoped_dir9196_18884}, takesHeapSnapshot=true, pageLoadStrategy=normal, databaseEnabled=false, handlesAlerts=true, hasTouchScreen=false, version=56.0.2924.87, platform=XP, browserConnectionEnabled=false, nativeEvents=true, acceptSslCerts=true, locationContextEnabled=true, webStorageEnabled=true, browserName=chrome, takesScreenshot=true, javascriptEnabled=true, cssSelectorsEnabled=true, unexpectedAlertBehaviour=}]
Session ID: 1d8ffac2b66fdc43d15b459e9cb67c20
*** Element info: {Using=xpath, value=//input[@id='Next']}
	at org.openqa.selenium.remote.ErrorHandler.createThrowable(ErrorHandler.java:206)
	at org.openqa.selenium.remote.ErrorHandler.throwIfResponseFailed(ErrorHandler.java:158)
	at org.openqa.selenium.remote.RemoteWebDriver.execute(RemoteWebDriver.java:678)
	at org.openqa.selenium.remote.RemoteWebDriver.findElement(RemoteWebDriver.java:363)
	at org.openqa.selenium.remote.RemoteWebDriver.findElementByXPath(RemoteWebDriver.java:500)
	at org.openqa.selenium.By$ByXPath.findElement(By.java:361)
	at org.openqa.selenium.remote.RemoteWebDriver.findElement(RemoteWebDriver.java:355)
	at org.openqa.selenium.support.pagefactory.DefaultElementLocator.findElement(DefaultElementLocator.java:69)
	at org.openqa.selenium.support.pagefactory.internal.LocatingElementHandler.invoke(LocatingElementHandler.java:38)
	at com.sun.proxy.$Proxy12.getText(Unknown Source)
	at com.myPractice.demo.page.CreateAccountPage.isCreateAccountPageLoaded(CreateAccountPage.java:84)
	at com.myPractice.demo.regression.loginTests.LoginTests.testAccessCreateAccountPg(LoginTests.java:264)
... Removed 29 stack frames]]>
    </failure>
  </testcase> <!-- testAccessCreateAccountPg -->
  <testcase name="testAccessForgotPasswordPg" time="0.0" classname="com.myPractice.demo.regression.loginTests.LoginTests">
    <skipped/>
  </testcase> <!-- testAccessForgotPasswordPg -->
  <testcase name="testBlankPassword" time="0.0" classname="com.myPractice.demo.regression.loginTests.LoginTests">
    <skipped/>
  </testcase> <!-- testBlankPassword -->
  <testcase name="testBlankUserName" time="0.0" classname="com.myPractice.demo.regression.loginTests.LoginTests">
    <skipped/>
  </testcase> <!-- testBlankUserName -->
  <testcase name="testCreateAccount" time="0.0" classname="com.myPractice.demo.regression.loginTests.LoginTests">
    <skipped/>
  </testcase> <!-- testCreateAccount -->
  <testcase name="testDataProviderInvalidUsrNmPassWd" time="0.0" classname="com.myPractice.demo.regression.loginTests.LoginTests">
    <skipped/>
  </testcase> <!-- testDataProviderInvalidUsrNmPassWd -->
  <testcase name="testDataProviderInvalidUsrNmPassWd" time="0.0" classname="com.myPractice.demo.regression.loginTests.LoginTests">
    <skipped/>
  </testcase> <!-- testDataProviderInvalidUsrNmPassWd -->
  <testcase name="testDataProviderInvalidUsrNmPassWd" time="0.0" classname="com.myPractice.demo.regression.loginTests.LoginTests">
    <skipped/>
  </testcase> <!-- testDataProviderInvalidUsrNmPassWd -->
  <testcase name="testInvalidPassword" time="0.0" classname="com.myPractice.demo.regression.loginTests.LoginTests">
    <skipped/>
  </testcase> <!-- testInvalidPassword -->
  <testcase name="testInvalidUsrNmPassWd" time="0.0" classname="com.myPractice.demo.regression.loginTests.LoginTests">
    <skipped/>
  </testcase> <!-- testInvalidUsrNmPassWd -->
  <testcase name="testParamInvalidUsrNmPassWd" time="0.0" classname="com.myPractice.demo.regression.loginTests.LoginTests">
    <failure type="org.testng.TestNGException" message="
Parameter &amp;apos;name&amp;apos; is required by @Test on method testParamInvalidUsrNmPassWd but has not been marked @Optional or defined
in C:\Users\Himanshu Keskar\workspace\myPractice\testng.xml">
      <![CDATA[org.testng.TestNGException: 
Parameter 'name' is required by @Test on method testParamInvalidUsrNmPassWd but has not been marked @Optional or defined
in C:\Users\Himanshu Keskar\workspace\myPractice\testng.xml
... Removed 23 stack frames]]>
    </failure>
  </testcase> <!-- testParamInvalidUsrNmPassWd -->
  <testcase name="testPasswordChanged" time="0.0" classname="com.myPractice.demo.regression.loginTests.LoginTests">
    <skipped/>
  </testcase> <!-- testPasswordChanged -->
  <testcase name="testRandCreateAccount" time="0.0" classname="com.myPractice.demo.regression.loginTests.LoginTests">
    <skipped/>
  </testcase> <!-- testRandCreateAccount -->
  <testcase name="testValidUserNamePasswd" time="0.0" classname="com.myPractice.demo.regression.loginTests.LoginTests">
    <skipped/>
  </testcase> <!-- testValidUserNamePasswd -->
  <testcase name="testValidUserNamePasswd" time="0.0" classname="com.myPractice.demo.regression.loginTests.LoginTests">
    <skipped/>
  </testcase> <!-- testValidUserNamePasswd -->
  <testcase name="testValidUserNamePasswd" time="0.0" classname="com.myPractice.demo.regression.loginTests.LoginTests">
    <skipped/>
  </testcase> <!-- testValidUserNamePasswd -->
</testsuite> <!-- Test -->
