<?xml version="1.0" encoding="UTF-8"?>
<!-- Generated by org.testng.reporters.JUnitXMLReporter -->
<testsuite hostname="DESKTOP-12HBTFV" ignored="1" name="Test" tests="21" failures="1" timestamp="27 Mar 2017 02:26:30 GMT" time="16.463" errors="0">
  <testcase name="@BeforeMethod setUp" time="4.509" classname="com.myPractice.demo.regression.loginTests.LoginTests">
    <failure type="org.openqa.selenium.remote.SessionNotFoundException" message="Session ID is null. Using WebDriver after calling quit()?
Build info: version: &amp;apos;2.53.0&amp;apos;, revision: &amp;apos;35ae25b1534ae328c771e0856c93e187490ca824&amp;apos;, time: &amp;apos;2016-03-15 10:43:46&amp;apos;
System info: host: &amp;apos;DESKTOP-12HBTFV&amp;apos;, ip: &amp;apos;192.168.1.192&amp;apos;, os.name: &amp;apos;Windows 10&amp;apos;, os.arch: &amp;apos;amd64&amp;apos;, os.version: &amp;apos;10.0&amp;apos;, java.version: &amp;apos;1.8.0_121&amp;apos;
Driver info: driver.version: RemoteWebDriver">
      <![CDATA[org.openqa.selenium.remote.SessionNotFoundException: Session ID is null. Using WebDriver after calling quit()?
Build info: version: '2.53.0', revision: '35ae25b1534ae328c771e0856c93e187490ca824', time: '2016-03-15 10:43:46'
System info: host: 'DESKTOP-12HBTFV', ip: '192.168.1.192', os.name: 'Windows 10', os.arch: 'amd64', os.version: '10.0', java.version: '1.8.0_121'
Driver info: driver.version: RemoteWebDriver
	at org.openqa.selenium.remote.HttpCommandExecutor.execute(HttpCommandExecutor.java:134)
	at org.openqa.selenium.remote.service.DriverCommandExecutor.execute(DriverCommandExecutor.java:82)
	at org.openqa.selenium.remote.RemoteWebDriver.execute(RemoteWebDriver.java:644)
	at org.openqa.selenium.remote.RemoteWebDriver.get(RemoteWebDriver.java:316)
	at com.myPractice.demo.regression.loginTests.LoginTests.setUp(LoginTests.java:87)
... Removed 30 stack frames]]>
    </failure>
  </testcase> <!-- @BeforeMethod setUp -->
  <testcase name="@BeforeMethod setUp" time="0.0" classname="com.myPractice.demo.regression.loginTests.LoginTests">
    <skipped/>
  </testcase> <!-- @BeforeMethod setUp -->
  <testcase name="@BeforeMethod setUp" time="0.0" classname="com.myPractice.demo.regression.loginTests.LoginTests">
    <skipped/>
  </testcase> <!-- @BeforeMethod setUp -->
  <testcase name="@BeforeMethod setUp" time="0.0" classname="com.myPractice.demo.regression.loginTests.LoginTests">
    <skipped/>
  </testcase> <!-- @BeforeMethod setUp -->
  <testcase name="@BeforeMethod setUp" time="0.0" classname="com.myPractice.demo.regression.loginTests.LoginTests">
    <skipped/>
  </testcase> <!-- @BeforeMethod setUp -->
  <testcase name="@BeforeMethod setUp" time="0.0" classname="com.myPractice.demo.regression.loginTests.LoginTests">
    <skipped/>
  </testcase> <!-- @BeforeMethod setUp -->
  <testcase name="@BeforeMethod setUp" time="0.0" classname="com.myPractice.demo.regression.loginTests.LoginTests">
    <skipped/>
  </testcase> <!-- @BeforeMethod setUp -->
  <testcase name="@BeforeMethod setUp" time="0.0" classname="com.myPractice.demo.regression.loginTests.LoginTests">
    <skipped/>
  </testcase> <!-- @BeforeMethod setUp -->
  <testcase name="@BeforeMethod setUp" time="0.0" classname="com.myPractice.demo.regression.loginTests.LoginTests">
    <skipped/>
  </testcase> <!-- @BeforeMethod setUp -->
  <testcase name="@BeforeMethod setUp" time="0.0" classname="com.myPractice.demo.regression.loginTests.LoginTests">
    <skipped/>
  </testcase> <!-- @BeforeMethod setUp -->
  <testcase name="@BeforeMethod setUp" time="0.0" classname="com.myPractice.demo.regression.loginTests.LoginTests">
    <skipped/>
  </testcase> <!-- @BeforeMethod setUp -->
  <testcase name="@BeforeMethod setUp" time="0.0" classname="com.myPractice.demo.regression.loginTests.LoginTests">
    <skipped/>
  </testcase> <!-- @BeforeMethod setUp -->
  <testcase name="@BeforeMethod setUp" time="0.0" classname="com.myPractice.demo.regression.loginTests.LoginTests">
    <skipped/>
  </testcase> <!-- @BeforeMethod setUp -->
  <testcase name="@BeforeMethod setUp" time="0.0" classname="com.myPractice.demo.regression.loginTests.LoginTests">
    <skipped/>
  </testcase> <!-- @BeforeMethod setUp -->
  <testcase name="@BeforeMethod setUp" time="0.0" classname="com.myPractice.demo.regression.loginTests.LoginTests">
    <skipped/>
  </testcase> <!-- @BeforeMethod setUp -->
  <testcase name="@BeforeMethod setUp" time="0.0" classname="com.myPractice.demo.regression.loginTests.LoginTests">
    <skipped/>
  </testcase> <!-- @BeforeMethod setUp -->
  <testcase name="@BeforeMethod setUp" time="0.0" classname="com.myPractice.demo.regression.loginTests.LoginTests">
    <skipped/>
  </testcase> <!-- @BeforeMethod setUp -->
  <testcase name="@BeforeMethod setUp" time="0.0" classname="com.myPractice.demo.regression.loginTests.LoginTests">
    <skipped/>
  </testcase> <!-- @BeforeMethod setUp -->
  <testcase name="@BeforeMethod setUp" time="0.0" classname="com.myPractice.demo.regression.loginTests.LoginTests">
    <skipped/>
  </testcase> <!-- @BeforeMethod setUp -->
  <testcase name="@AfterTest endReport" time="0.0" classname="com.myPractice.demo.regression.loginTests.LoginTests">
    <skipped/>
  </testcase> <!-- @AfterTest endReport -->
  <testcase name="testAccessAboutPg" time="1.106" classname="com.myPractice.demo.regression.loginTests.LoginTests"/>
  <testcase name="testAccessCreateAccountPg" time="0.0" classname="com.myPractice.demo.regression.loginTests.LoginTests">
    <skipped/>
  </testcase> <!-- testAccessCreateAccountPg -->
  <testcase name="testAccessForgotPasswordPg" time="0.0" classname="com.myPractice.demo.regression.loginTests.LoginTests">
    <skipped/>
  </testcase> <!-- testAccessForgotPasswordPg -->
  <testcase name="testBlankPassword" time="0.0" classname="com.myPractice.demo.regression.loginTests.LoginTests">
    <skipped/>
  </testcase> <!-- testBlankPassword -->
  <testcase name="testBlankUserName" time="0.0" classname="com.myPractice.demo.regression.loginTests.LoginTests">
    <skipped/>
  </testcase> <!-- testBlankUserName -->
  <testcase name="testDataProviderInvalidUsrNmPassWd" time="0.0" classname="com.myPractice.demo.regression.loginTests.LoginTests">
    <skipped/>
  </testcase> <!-- testDataProviderInvalidUsrNmPassWd -->
  <testcase name="testDataProviderInvalidUsrNmPassWd" time="0.0" classname="com.myPractice.demo.regression.loginTests.LoginTests">
    <skipped/>
  </testcase> <!-- testDataProviderInvalidUsrNmPassWd -->
  <testcase name="testDataProviderInvalidUsrNmPassWd" time="0.0" classname="com.myPractice.demo.regression.loginTests.LoginTests">
    <skipped/>
  </testcase> <!-- testDataProviderInvalidUsrNmPassWd -->
  <testcase name="testInvalidPassword" time="0.0" classname="com.myPractice.demo.regression.loginTests.LoginTests">
    <skipped/>
  </testcase> <!-- testInvalidPassword -->
  <testcase name="testInvalidUsrNmPassWd" time="0.0" classname="com.myPractice.demo.regression.loginTests.LoginTests">
    <skipped/>
  </testcase> <!-- testInvalidUsrNmPassWd -->
  <testcase name="testParamInvalidUsrNmPassWd" time="0.0" classname="com.myPractice.demo.regression.loginTests.LoginTests">
    <failure type="org.testng.TestNGException" message="
Parameter &amp;apos;name&amp;apos; is required by @Test on method testParamInvalidUsrNmPassWd but has not been marked @Optional or defined
in C:\Users\Himanshu Keskar\workspace\myPractice\testng.xml">
      <![CDATA[org.testng.TestNGException: 
Parameter 'name' is required by @Test on method testParamInvalidUsrNmPassWd but has not been marked @Optional or defined
in C:\Users\Himanshu Keskar\workspace\myPractice\testng.xml
... Removed 26 stack frames]]>
    </failure>
  </testcase> <!-- testParamInvalidUsrNmPassWd -->
  <testcase name="testPasswordChanged" time="0.0" classname="com.myPractice.demo.regression.loginTests.LoginTests">
    <skipped/>
  </testcase> <!-- testPasswordChanged -->
  <testcase name="testRandCreateAccount" time="0.0" classname="com.myPractice.demo.regression.loginTests.LoginTests">
    <skipped/>
  </testcase> <!-- testRandCreateAccount -->
  <testcase name="testRandCreateAccount" time="0.0" classname="com.myPractice.demo.regression.loginTests.LoginTests">
    <skipped/>
  </testcase> <!-- testRandCreateAccount -->
  <testcase name="testRandCreateAccount" time="0.0" classname="com.myPractice.demo.regression.loginTests.LoginTests">
    <skipped/>
  </testcase> <!-- testRandCreateAccount -->
  <testcase name="testRandCreateAccount" time="0.0" classname="com.myPractice.demo.regression.loginTests.LoginTests">
    <skipped/>
  </testcase> <!-- testRandCreateAccount -->
  <testcase name="testRandCreateAccount" time="0.0" classname="com.myPractice.demo.regression.loginTests.LoginTests">
    <skipped/>
  </testcase> <!-- testRandCreateAccount -->
  <testcase name="testValidUserNamePasswd" time="0.0" classname="com.myPractice.demo.regression.loginTests.LoginTests">
    <skipped/>
  </testcase> <!-- testValidUserNamePasswd -->
  <testcase name="testValidUserNamePasswd" time="0.0" classname="com.myPractice.demo.regression.loginTests.LoginTests">
    <skipped/>
  </testcase> <!-- testValidUserNamePasswd -->
  <testcase name="testValidUserNamePasswd" time="0.0" classname="com.myPractice.demo.regression.loginTests.LoginTests">
    <skipped/>
  </testcase> <!-- testValidUserNamePasswd -->
  <testcase name="testXMLValidUserNamePasswd" time="0.0" classname="com.myPractice.demo.regression.loginTests.LoginTests">
    <skipped/>
  </testcase> <!-- testXMLValidUserNamePasswd -->
  <testcase name="testCreateAccount" time="0.0" classname="com.myPractice.demo.regression.loginTests.LoginTests">
    <ignored/>
  </testcase> <!-- testCreateAccount -->
</testsuite> <!-- Test -->
