<?xml version="1.0" encoding="UTF-8"?>
<!-- Generated by org.testng.reporters.JUnitXMLReporter -->
<testsuite hostname="DESKTOP-12HBTFV" ignored="0" name="testValidUserNamePasswd" tests="12" failures="2" timestamp="19 Mar 2017 03:33:21 GMT" time="67.791" errors="0">
  <testcase name="testAccessAboutPg" time="0.829" classname="com.myPractice.demo.regression.loginTests.MyTest"/>
  <testcase name="testAccessCreateAccountPg" time="1.107" classname="com.myPractice.demo.regression.loginTests.MyTest"/>
  <testcase name="testAccessForgotPasswordPg" time="0.506" classname="com.myPractice.demo.regression.loginTests.MyTest"/>
  <testcase name="testBlankPassword" time="0.057" classname="com.myPractice.demo.regression.loginTests.MyTest"/>
  <testcase name="testBlankUserName" time="0.787" classname="com.myPractice.demo.regression.loginTests.MyTest"/>
  <testcase name="testDataProviderInvalidUsrNmPassWd" time="0.806" classname="com.myPractice.demo.regression.loginTests.MyTest"/>
  <testcase name="testDataProviderInvalidUsrNmPassWd" time="0.759" classname="com.myPractice.demo.regression.loginTests.MyTest"/>
  <testcase name="testDataProviderInvalidUsrNmPassWd" time="0.759" classname="com.myPractice.demo.regression.loginTests.MyTest"/>
  <testcase name="testInvalidPassword" time="0.768" classname="com.myPractice.demo.regression.loginTests.MyTest"/>
  <testcase name="testInvalidUsrNmPassWd" time="0.756" classname="com.myPractice.demo.regression.loginTests.MyTest"/>
  <testcase name="testParamInvalidUsrNmPassWd" time="0.0" classname="com.myPractice.demo.regression.loginTests.MyTest">
    <failure type="org.testng.TestNGException" message="
Parameter &amp;apos;name&amp;apos; is required by @Test on method testParamInvalidUsrNmPassWd but has not been marked @Optional or defined
in C:\Users\Himanshu Keskar\workspace\myPractice\src\test\java\com\myPractice\demo\regression\loginTests\MyTestParam.xml">
      <![CDATA[org.testng.TestNGException: 
Parameter 'name' is required by @Test on method testParamInvalidUsrNmPassWd but has not been marked @Optional or defined
in C:\Users\Himanshu Keskar\workspace\myPractice\src\test\java\com\myPractice\demo\regression\loginTests\MyTestParam.xml
... Removed 23 stack frames]]>
    </failure>
  </testcase> <!-- testParamInvalidUsrNmPassWd -->
  <testcase name="testValidUserNamePasswd" time="0.67" classname="com.myPractice.demo.regression.loginTests.MyTest">
    <failure type="java.lang.IllegalMonitorStateException">
      <![CDATA[java.lang.IllegalMonitorStateException
	at java.lang.Object.wait(Native Method)
	at com.myPractice.demo.regression.loginTests.MyTest.testValidUserNamePasswd(MyTest.java:100)
... Removed 25 stack frames]]>
    </failure>
  </testcase> <!-- testValidUserNamePasswd -->
</testsuite> <!-- testValidUserNamePasswd -->
