<html>
<head>
<title>TestNG:  testValidUserNamePasswd</title>
<link href="../testng.css" rel="stylesheet" type="text/css" />
<link href="../my-testng.css" rel="stylesheet" type="text/css" />

<style type="text/css">
.log { display: none;} 
.stack-trace { display: none;} 
</style>
<script type="text/javascript">
<!--
function flip(e) {
  current = e.style.display;
  if (current == 'block') {
    e.style.display = 'none';
    return 0;
  }
  else {
    e.style.display = 'block';
    return 1;
  }
}

function toggleBox(szDivId, elem, msg1, msg2)
{
  var res = -1;  if (document.getElementById) {
    res = flip(document.getElementById(szDivId));
  }
  else if (document.all) {
    // this is the way old msie versions work
    res = flip(document.all[szDivId]);
  }
  if(elem) {
    if(res == 0) elem.innerHTML = msg1; else elem.innerHTML = msg2;
  }

}

function toggleAllBoxes() {
  if (document.getElementsByTagName) {
    d = document.getElementsByTagName('div');
    for (i = 0; i < d.length; i++) {
      if (d[i].className == 'log') {
        flip(d[i]);
      }
    }
  }
}

// -->
</script>

</head>
<body>
<h2 align='center'>testValidUserNamePasswd</h2><table border='1' align="center">
<tr>
<td>Tests passed/Failed/Skipped:</td><td>10/2/0</td>
</tr><tr>
<td>Started on:</td><td>Sat Mar 18 23:32:13 EDT 2017</td>
</tr>
<tr><td>Total time:</td><td>67 seconds (67791 ms)</td>
</tr><tr>
<td>Included groups:</td><td></td>
</tr><tr>
<td>Excluded groups:</td><td></td>
</tr>
</table><p/>
<small><i>(Hover the method name to see the test class name)</i></small><p/>
<table width='100%' border='1' class='invocation-failed'>
<tr><td colspan='4' align='center'><b>FAILED TESTS</b></td></tr>
<tr><td><b>Test method</b></td>
<td width="30%"><b>Exception</b></td>
<td width="10%"><b>Time (seconds)</b></td>
<td><b>Instance</b></td>
</tr>
<tr>
<td title='com.myPractice.demo.regression.loginTests.MyTest.testParamInvalidUsrNmPassWd()'><b>testParamInvalidUsrNmPassWd</b><br>Test class: com.myPractice.demo.regression.loginTests.MyTest</td>
<td><div><pre>org.testng.TestNGException: 
Parameter &apos;name&apos; is required by @Test on method testParamInvalidUsrNmPassWd but has not been marked @Optional or defined
in C:\Users\Himanshu Keskar\workspace\myPractice\src\test\java\com\myPractice\demo\regression\loginTests\MyTestParam.xml
... Removed 23 stack frames</pre></div><a href='#' onClick='toggleBox("stack-trace2085745483", this, "Click to show all stack frames", "Click to hide stack frames")'>Click to show all stack frames</a>
<div class='stack-trace' id='stack-trace2085745483'><pre>org.testng.TestNGException: 
Parameter &apos;name&apos; is required by @Test on method testParamInvalidUsrNmPassWd but has not been marked @Optional or defined
in C:\Users\Himanshu Keskar\workspace\myPractice\src\test\java\com\myPractice\demo\regression\loginTests\MyTestParam.xml
	at org.testng.internal.Parameters.createParameters(Parameters.java:199)
	at org.testng.internal.Parameters.createParameters(Parameters.java:443)
	at org.testng.internal.Parameters.handleParameters(Parameters.java:569)
	at org.testng.internal.Invoker.handleParameters(Invoker.java:1308)
	at org.testng.internal.Invoker.createParameters(Invoker.java:1036)
	at org.testng.internal.Invoker.invokeTestMethods(Invoker.java:1126)
	at org.testng.internal.TestMethodWorker.invokeTestMethods(TestMethodWorker.java:126)
	at org.testng.internal.TestMethodWorker.run(TestMethodWorker.java:109)
	at org.testng.TestRunner.privateRun(TestRunner.java:744)
	at org.testng.TestRunner.run(TestRunner.java:602)
	at org.testng.SuiteRunner.runTest(SuiteRunner.java:380)
	at org.testng.SuiteRunner.runSequentially(SuiteRunner.java:375)
	at org.testng.SuiteRunner.privateRun(SuiteRunner.java:340)
	at org.testng.SuiteRunner.run(SuiteRunner.java:289)
	at org.testng.SuiteRunnerWorker.runSuite(SuiteRunnerWorker.java:52)
	at org.testng.SuiteRunnerWorker.run(SuiteRunnerWorker.java:86)
	at org.testng.TestNG.runSuitesSequentially(TestNG.java:1301)
	at org.testng.TestNG.runSuitesLocally(TestNG.java:1226)
	at org.testng.TestNG.runSuites(TestNG.java:1144)
	at org.testng.TestNG.run(TestNG.java:1115)
	at org.testng.remote.AbstractRemoteTestNG.run(AbstractRemoteTestNG.java:132)
	at org.testng.remote.RemoteTestNG.initAndRun(RemoteTestNG.java:230)
	at org.testng.remote.RemoteTestNG.main(RemoteTestNG.java:76)
</pre></div></td>
<td>0</td>
<td>com.myPractice.demo.regression.loginTests.MyTest@77cd7a0</td></tr>
<tr>
<td title='com.myPractice.demo.regression.loginTests.MyTest.testValidUserNamePasswd()'><b>testValidUserNamePasswd</b><br>Test class: com.myPractice.demo.regression.loginTests.MyTest<br>Parameters: himkes@gmail.com, pinku</td>
<td><div><pre>java.lang.IllegalMonitorStateException
	at java.lang.Object.wait(Native Method)
	at com.myPractice.demo.regression.loginTests.MyTest.testValidUserNamePasswd(MyTest.java:100)
... Removed 25 stack frames</pre></div><a href='#' onClick='toggleBox("stack-trace491273700", this, "Click to show all stack frames", "Click to hide stack frames")'>Click to show all stack frames</a>
<div class='stack-trace' id='stack-trace491273700'><pre>java.lang.IllegalMonitorStateException
	at java.lang.Object.wait(Native Method)
	at com.myPractice.demo.regression.loginTests.MyTest.testValidUserNamePasswd(MyTest.java:100)
	at sun.reflect.NativeMethodAccessorImpl.invoke0(Native Method)
	at sun.reflect.NativeMethodAccessorImpl.invoke(NativeMethodAccessorImpl.java:62)
	at sun.reflect.DelegatingMethodAccessorImpl.invoke(DelegatingMethodAccessorImpl.java:43)
	at java.lang.reflect.Method.invoke(Method.java:498)
	at org.testng.internal.MethodInvocationHelper.invokeMethod(MethodInvocationHelper.java:108)
	at org.testng.internal.Invoker.invokeMethod(Invoker.java:661)
	at org.testng.internal.Invoker.invokeTestMethod(Invoker.java:869)
	at org.testng.internal.Invoker.invokeTestMethods(Invoker.java:1193)
	at org.testng.internal.TestMethodWorker.invokeTestMethods(TestMethodWorker.java:126)
	at org.testng.internal.TestMethodWorker.run(TestMethodWorker.java:109)
	at org.testng.TestRunner.privateRun(TestRunner.java:744)
	at org.testng.TestRunner.run(TestRunner.java:602)
	at org.testng.SuiteRunner.runTest(SuiteRunner.java:380)
	at org.testng.SuiteRunner.runSequentially(SuiteRunner.java:375)
	at org.testng.SuiteRunner.privateRun(SuiteRunner.java:340)
	at org.testng.SuiteRunner.run(SuiteRunner.java:289)
	at org.testng.SuiteRunnerWorker.runSuite(SuiteRunnerWorker.java:52)
	at org.testng.SuiteRunnerWorker.run(SuiteRunnerWorker.java:86)
	at org.testng.TestNG.runSuitesSequentially(TestNG.java:1301)
	at org.testng.TestNG.runSuitesLocally(TestNG.java:1226)
	at org.testng.TestNG.runSuites(TestNG.java:1144)
	at org.testng.TestNG.run(TestNG.java:1115)
	at org.testng.remote.AbstractRemoteTestNG.run(AbstractRemoteTestNG.java:132)
	at org.testng.remote.RemoteTestNG.initAndRun(RemoteTestNG.java:230)
	at org.testng.remote.RemoteTestNG.main(RemoteTestNG.java:76)
</pre></div></td>
<td>0</td>
<td>com.myPractice.demo.regression.loginTests.MyTest@77cd7a0</td></tr>
</table><p>
<table width='100%' border='1' class='invocation-passed'>
<tr><td colspan='4' align='center'><b>PASSED TESTS</b></td></tr>
<tr><td><b>Test method</b></td>
<td width="30%"><b>Exception</b></td>
<td width="10%"><b>Time (seconds)</b></td>
<td><b>Instance</b></td>
</tr>
<tr>
<td title='com.myPractice.demo.regression.loginTests.MyTest.testAccessAboutPg()'><b>testAccessAboutPg</b><br>Test class: com.myPractice.demo.regression.loginTests.MyTest</td>
<td></td>
<td>0</td>
<td>com.myPractice.demo.regression.loginTests.MyTest@77cd7a0</td></tr>
<tr>
<td title='com.myPractice.demo.regression.loginTests.MyTest.testAccessCreateAccountPg()'><b>testAccessCreateAccountPg</b><br>Test class: com.myPractice.demo.regression.loginTests.MyTest</td>
<td></td>
<td>1</td>
<td>com.myPractice.demo.regression.loginTests.MyTest@77cd7a0</td></tr>
<tr>
<td title='com.myPractice.demo.regression.loginTests.MyTest.testAccessForgotPasswordPg()'><b>testAccessForgotPasswordPg</b><br>Test class: com.myPractice.demo.regression.loginTests.MyTest</td>
<td></td>
<td>0</td>
<td>com.myPractice.demo.regression.loginTests.MyTest@77cd7a0</td></tr>
<tr>
<td title='com.myPractice.demo.regression.loginTests.MyTest.testBlankPassword()'><b>testBlankPassword</b><br>Test class: com.myPractice.demo.regression.loginTests.MyTest</td>
<td></td>
<td>0</td>
<td>com.myPractice.demo.regression.loginTests.MyTest@77cd7a0</td></tr>
<tr>
<td title='com.myPractice.demo.regression.loginTests.MyTest.testBlankUserName()'><b>testBlankUserName</b><br>Test class: com.myPractice.demo.regression.loginTests.MyTest</td>
<td></td>
<td>0</td>
<td>com.myPractice.demo.regression.loginTests.MyTest@77cd7a0</td></tr>
<tr>
<td title='com.myPractice.demo.regression.loginTests.MyTest.testDataProviderInvalidUsrNmPassWd()'><b>testDataProviderInvalidUsrNmPassWd</b><br>Test class: com.myPractice.demo.regression.loginTests.MyTest<br>Parameters: username1, password1</td>
<td></td>
<td>0</td>
<td>com.myPractice.demo.regression.loginTests.MyTest@77cd7a0</td></tr>
<tr>
<td title='com.myPractice.demo.regression.loginTests.MyTest.testDataProviderInvalidUsrNmPassWd()'><b>testDataProviderInvalidUsrNmPassWd</b><br>Test class: com.myPractice.demo.regression.loginTests.MyTest<br>Parameters: uname, pword</td>
<td></td>
<td>0</td>
<td>com.myPractice.demo.regression.loginTests.MyTest@77cd7a0</td></tr>
<tr>
<td title='com.myPractice.demo.regression.loginTests.MyTest.testDataProviderInvalidUsrNmPassWd()'><b>testDataProviderInvalidUsrNmPassWd</b><br>Test class: com.myPractice.demo.regression.loginTests.MyTest<br>Parameters: UserName, Password</td>
<td></td>
<td>0</td>
<td>com.myPractice.demo.regression.loginTests.MyTest@77cd7a0</td></tr>
<tr>
<td title='com.myPractice.demo.regression.loginTests.MyTest.testInvalidPassword()'><b>testInvalidPassword</b><br>Test class: com.myPractice.demo.regression.loginTests.MyTest</td>
<td></td>
<td>0</td>
<td>com.myPractice.demo.regression.loginTests.MyTest@77cd7a0</td></tr>
<tr>
<td title='com.myPractice.demo.regression.loginTests.MyTest.testInvalidUsrNmPassWd()'><b>testInvalidUsrNmPassWd</b><br>Test class: com.myPractice.demo.regression.loginTests.MyTest</td>
<td></td>
<td>0</td>
<td>com.myPractice.demo.regression.loginTests.MyTest@77cd7a0</td></tr>
</table><p>
</body>
</html>